<?xml version="1.0" encoding="UTF-8"?>
<!-- Generated by org.testng.reporters.JUnitReportReporter -->
<testsuite hostname="LTIN208106" failures="0" tests="4" name="testCases.TC_001_productsSearch" time="33.141" errors="0" timestamp="2024-02-26T22:33:50 IST" skipped="0">
  <testcase classname="testCases.TC_001_productsSearch" name="search_for_bookshelves" time="5.189"/>
  <testcase classname="testCases.TC_001_productsSearch" name="close_popup" time="2.588"/>
  <testcase classname="testCases.TC_001_productsSearch" name="apply_filters" time="10.215"/>
  <testcase classname="testCases.TC_001_productsSearch" name="get_top_3_products" time="15.149"/>
</testsuite> <!-- testCases.TC_001_productsSearch -->
