<?xml version="1.0" encoding="UTF-8"?>
<!-- Generated by org.testng.reporters.JUnitReportReporter -->
<testsuite hostname="LTIN208106" failures="0" tests="5" name="testCases.TC_003_giftCardTest" time="23.346" errors="0" timestamp="2024-02-26T22:33:50 IST" skipped="0">
  <testcase classname="testCases.TC_003_giftCardTest" name="click_on_gift_cards" time="7.388"/>
  <testcase classname="testCases.TC_003_giftCardTest" name="customise_your_gift_card" time="1.789"/>
  <testcase classname="testCases.TC_003_giftCardTest" name="checking_with_invalidEmail" time="10.074"/>
  <testcase classname="testCases.TC_003_giftCardTest" name="checking_with_validEmail" time="3.300"/>
  <testcase classname="testCases.TC_003_giftCardTest" name="validDetails" time="0.795"/>
</testsuite> <!-- testCases.TC_003_giftCardTest -->
