<?xml version="1.0" encoding="UTF-8"?>
<!-- Generated by org.testng.reporters.JUnitReportReporter -->
<testsuite hostname="LTIN208106" failures="0" tests="2" name="testCases.TC_002_Collections" time="6.749" errors="0" timestamp="2024-02-26T22:33:50 IST" skipped="0">
  <testcase classname="testCases.TC_002_Collections" name="go_to_Living_collections" time="1.796"/>
  <testcase classname="testCases.TC_002_Collections" name="get_all_sub_menus" time="4.953"/>
</testsuite> <!-- testCases.TC_002_Collections -->
